Performing C++ SOURCE FILE Test COMPILER_HAS_DEPRECATED_ATTR failed with the following output:
Change Dir: D:/DAE/2DAE/Libraries/JsonBoxBuild/CMakeFiles/CMakeTmp

Run Build Command:"C:/Program Files (x86)/MSBuild/14.0/bin/MSBuild.exe" "cmTC_74fbb.vcxproj" "/p:Configuration=Debug" "/p:VisualStudioVersion=14.0"
Microsoft (R) Build Engine version 14.0.25420.1
Copyright (C) Microsoft Corporation. All rights reserved.

Build started 2/25/2017 10:23:43 PM.
Project "D:\DAE\2DAE\Libraries\JsonBoxBuild\CMakeFiles\CMakeTmp\cmTC_74fbb.vcxproj" on node 1 (default targets).
PrepareForBuild:
  Creating directory "cmTC_74fbb.dir\Debug\".
  Creating directory "D:\DAE\2DAE\Libraries\JsonBoxBuild\CMakeFiles\CMakeTmp\Debug\".
  Creating directory "cmTC_74fbb.dir\Debug\cmTC_74fbb.tlog\".
InitializeBuildStatus:
  Creating "cmTC_74fbb.dir\Debug\cmTC_74fbb.tlog\unsuccessfulbuild" because "AlwaysCreate" was specified.
ClCompile:
  C:\Program Files (x86)\Microsoft Visual Studio 14.0\VC\bin\CL.exe /c /Zi /W3 /WX- /Od /Ob0 /Oy- /D WIN32 /D _WINDOWS /D COMPILER_HAS_DEPRECATED_ATTR /D "CMAKE_INTDIR=\"Debug\"" /D _MBCS /Gm- /EHsc /RTC1 /MDd /GS /fp:precise /Zc:wchar_t /Zc:forScope /Zc:inline /GR /Fo"cmTC_74fbb.dir\Debug\\" /Fd"cmTC_74fbb.dir\Debug\vc140.pdb" /Gd /TP /analyze- /errorReport:queue D:\DAE\2DAE\Libraries\JsonBoxBuild\CMakeFiles\CMakeTmp\src.cxx
  Microsoft (R) C/C++ Optimizing Compiler Version 19.00.24215.1 for x86
  Copyright (C) Microsoft Corporation.  All rights reserved.
  
  cl /c /Zi /W3 /WX- /Od /Ob0 /Oy- /D WIN32 /D _WINDOWS /D COMPILER_HAS_DEPRECATED_ATTR /D "CMAKE_INTDIR=\"Debug\"" /D _MBCS /Gm- /EHsc /RTC1 /MDd /GS /fp:precise /Zc:wchar_t /Zc:forScope /Zc:inline /GR /Fo"cmTC_74fbb.dir\Debug\\" /Fd"cmTC_74fbb.dir\Debug\vc140.pdb" /Gd /TP /analyze- /errorReport:queue D:\DAE\2DAE\Libraries\JsonBoxBuild\CMakeFiles\CMakeTmp\src.cxx
  
  src.cxx
D:\DAE\2DAE\Libraries\JsonBoxBuild\CMakeFiles\CMakeTmp\src.cxx(1): error C2065: '__deprecated__': undeclared identifier [D:\DAE\2DAE\Libraries\JsonBoxBuild\CMakeFiles\CMakeTmp\cmTC_74fbb.vcxproj]
D:\DAE\2DAE\Libraries\JsonBoxBuild\CMakeFiles\CMakeTmp\src.cxx(1): error C4430: missing type specifier - int assumed. Note: C++ does not support default-int [D:\DAE\2DAE\Libraries\JsonBoxBuild\CMakeFiles\CMakeTmp\cmTC_74fbb.vcxproj]
D:\DAE\2DAE\Libraries\JsonBoxBuild\CMakeFiles\CMakeTmp\src.cxx(1): error C2448: '__attribute__': function-style initializer appears to be a function definition [D:\DAE\2DAE\Libraries\JsonBoxBuild\CMakeFiles\CMakeTmp\cmTC_74fbb.vcxproj]
Done Building Project "D:\DAE\2DAE\Libraries\JsonBoxBuild\CMakeFiles\CMakeTmp\cmTC_74fbb.vcxproj" (default targets) -- FAILED.

Build FAILED.

"D:\DAE\2DAE\Libraries\JsonBoxBuild\CMakeFiles\CMakeTmp\cmTC_74fbb.vcxproj" (default target) (1) ->
(ClCompile target) -> 
  D:\DAE\2DAE\Libraries\JsonBoxBuild\CMakeFiles\CMakeTmp\src.cxx(1): error C2065: '__deprecated__': undeclared identifier [D:\DAE\2DAE\Libraries\JsonBoxBuild\CMakeFiles\CMakeTmp\cmTC_74fbb.vcxproj]
  D:\DAE\2DAE\Libraries\JsonBoxBuild\CMakeFiles\CMakeTmp\src.cxx(1): error C4430: missing type specifier - int assumed. Note: C++ does not support default-int [D:\DAE\2DAE\Libraries\JsonBoxBuild\CMakeFiles\CMakeTmp\cmTC_74fbb.vcxproj]
  D:\DAE\2DAE\Libraries\JsonBoxBuild\CMakeFiles\CMakeTmp\src.cxx(1): error C2448: '__attribute__': function-style initializer appears to be a function definition [D:\DAE\2DAE\Libraries\JsonBoxBuild\CMakeFiles\CMakeTmp\cmTC_74fbb.vcxproj]

    0 Warning(s)
    3 Error(s)

Time Elapsed 00:00:00.35

Source file was:
__attribute__((__deprecated__)) int somefunc() { return 0; }
    int main() { return somefunc();}
